<?xml version="1.0" encoding="utf-8"?><testsuites name="pytest tests"><testsuite name="pytest" errors="0" failures="0" skipped="3" tests="3" time="0.459" timestamp="2026-01-24T13:04:05.715085+00:00" hostname="3be85501c833"><testcase classname="tests.contract.integration.test_dependency_enrichment_e2e.TestDependencyExtractionE2E" name="test_dependencies_enriched_with_latest_versions" time="0.000"><skipped type="pytest.skip" message="Dependency manifest extraction not implemented yet">/app/tests/contract/integration/test_dependency_enrichment_e2e.py:132: Dependency manifest extraction not implemented yet</skipped></testcase><testcase classname="tests.contract.integration.test_dependency_enrichment_e2e.TestDependencyExtractionE2E" name="test_eol_detection_populated" time="0.000"><skipped type="pytest.skip" message="Dependency manifest extraction not implemented yet">/app/tests/contract/integration/test_dependency_enrichment_e2e.py:207: Dependency manifest extraction not implemented yet</skipped></testcase><testcase classname="tests.contract.integration.test_dependency_enrichment_e2e.TestVulnerabilityStorageE2E" name="test_vulnerabilities_stored" time="0.000"><skipped type="pytest.skip" message="Dependency manifest extraction not implemented yet">/app/tests/contract/integration/test_dependency_enrichment_e2e.py:280: Dependency manifest extraction not implemented yet</skipped></testcase></testsuite></testsuites>