<?xml version="1.0" encoding="utf-8"?><testsuites name="pytest tests"><testsuite name="pytest" errors="1" failures="3" skipped="0" tests="3" time="1.297" timestamp="2026-01-24T12:08:58.063194+00:00" hostname="5d3100f629a7"><testcase classname="tests.contract.integration.test_dependency_enrichment_e2e.TestDependencyExtractionE2E" name="test_dependencies_enriched_with_latest_versions" time="0.089"><failure message="sqlalchemy.exc.IntegrityError: (psycopg2.errors.NotNullViolation) null value in column &quot;name&quot; of relation &quot;repositories&quot; violates not-null constraint&#10;DETAIL:  Failing row contains (octocat/Hello-World, null, null, null, https://github.com/octocat/Hello-World, null, null, null, null, t, null, null, null, null, null, null, null, null, null, null, null).&#10;&#10;[SQL: INSERT INTO repositories (repo_id, project_id, team_id, name, url, default_branch, platform_repo_id, created_at, last_analyzed_at, is_active, is_private, is_archived, repository_size, open_issues_count, license_name, license_key, has_vulnerability_alerts, has_secret_scanning, has_dependabot_alerts, pushed_at, updated_at) VALUES (%(repo_id)s, %(project_id)s, %(team_id)s, %(name)s, %(url)s, %(default_branch)s, %(platform_repo_id)s, %(created_at)s, %(last_analyzed_at)s, %(is_active)s, %(is_private)s, %(is_archived)s, %(repository_size)s, %(open_issues_count)s, %(license_name)s, %(license_key)s, %(has_vulnerability_alerts)s, %(has_secret_scanning)s, %(has_dependabot_alerts)s, %(pushed_at)s, %(updated_at)s)]&#10;[parameters: {'repo_id': 'octocat/Hello-World', 'project_id': None, 'team_id': None, 'name': None, 'url': 'https://github.com/octocat/Hello-World', 'default_branch': None, 'platform_repo_id': None, 'created_at': None, 'last_analyzed_at': None, 'is_active': True, 'is_private': None, 'is_archived': None, 'repository_size': None, 'open_issues_count': None, 'license_name': None, 'license_key': None, 'has_vulnerability_alerts': None, 'has_secret_scanning': None, 'has_dependabot_alerts': None, 'pushed_at': None, 'updated_at': None}]&#10;(Background on this error at: https://sqlalche.me/e/20/gkpj)">/usr/local/lib/python3.12/site-packages/sqlalchemy/engine/base.py:1967: in _exec_single_context
    self.dialect.do_execute(
/usr/local/lib/python3.12/site-packages/sqlalchemy/engine/default.py:952: in do_execute
    cursor.execute(statement, parameters)
E   psycopg2.errors.NotNullViolation: null value in column "name" of relation "repositories" violates not-null constraint
E   DETAIL:  Failing row contains (octocat/Hello-World, null, null, null, https://github.com/octocat/Hello-World, null, null, null, null, t, null, null, null, null, null, null, null, null, null, null, null).

The above exception was the direct cause of the following exception:
D:\code\tyl\azure-devops-analyzer\tests\contract\integration\test_dependency_enrichment_e2e.py:124: in test_dependencies_enriched_with_latest_versions
    ???
/usr/local/lib/python3.12/site-packages/sqlalchemy/orm/session.py:2030: in commit
    trans.commit(_to_root=True)
&lt;string&gt;:2: in commit
    ???
/usr/local/lib/python3.12/site-packages/sqlalchemy/orm/state_changes.py:137: in _go
    ret_value = fn(self, *arg, **kw)
                ^^^^^^^^^^^^^^^^^^^^
/usr/local/lib/python3.12/site-packages/sqlalchemy/orm/session.py:1311: in commit
    self._prepare_impl()
&lt;string&gt;:2: in _prepare_impl
    ???
/usr/local/lib/python3.12/site-packages/sqlalchemy/orm/state_changes.py:137: in _go
    ret_value = fn(self, *arg, **kw)
                ^^^^^^^^^^^^^^^^^^^^
/usr/local/lib/python3.12/site-packages/sqlalchemy/orm/session.py:1286: in _prepare_impl
    self.session.flush()
/usr/local/lib/python3.12/site-packages/sqlalchemy/orm/session.py:4331: in flush
    self._flush(objects)
/usr/local/lib/python3.12/site-packages/sqlalchemy/orm/session.py:4466: in _flush
    with util.safe_reraise():
         ^^^^^^^^^^^^^^^^^^^
/usr/local/lib/python3.12/site-packages/sqlalchemy/util/langhelpers.py:224: in __exit__
    raise exc_value.with_traceback(exc_tb)
/usr/local/lib/python3.12/site-packages/sqlalchemy/orm/session.py:4427: in _flush
    flush_context.execute()
/usr/local/lib/python3.12/site-packages/sqlalchemy/orm/unitofwork.py:466: in execute
    rec.execute(self)
/usr/local/lib/python3.12/site-packages/sqlalchemy/orm/unitofwork.py:642: in execute
    util.preloaded.orm_persistence.save_obj(
/usr/local/lib/python3.12/site-packages/sqlalchemy/orm/persistence.py:93: in save_obj
    _emit_insert_statements(
/usr/local/lib/python3.12/site-packages/sqlalchemy/orm/persistence.py:1048: in _emit_insert_statements
    result = connection.execute(
/usr/local/lib/python3.12/site-packages/sqlalchemy/engine/base.py:1419: in execute
    return meth(
/usr/local/lib/python3.12/site-packages/sqlalchemy/sql/elements.py:527: in _execute_on_connection
    return connection._execute_clauseelement(
/usr/local/lib/python3.12/site-packages/sqlalchemy/engine/base.py:1641: in _execute_clauseelement
    ret = self._execute_context(
/usr/local/lib/python3.12/site-packages/sqlalchemy/engine/base.py:1846: in _execute_context
    return self._exec_single_context(
/usr/local/lib/python3.12/site-packages/sqlalchemy/engine/base.py:1986: in _exec_single_context
    self._handle_dbapi_exception(
/usr/local/lib/python3.12/site-packages/sqlalchemy/engine/base.py:2363: in _handle_dbapi_exception
    raise sqlalchemy_exception.with_traceback(exc_info[2]) from e
/usr/local/lib/python3.12/site-packages/sqlalchemy/engine/base.py:1967: in _exec_single_context
    self.dialect.do_execute(
/usr/local/lib/python3.12/site-packages/sqlalchemy/engine/default.py:952: in do_execute
    cursor.execute(statement, parameters)
E   sqlalchemy.exc.IntegrityError: (psycopg2.errors.NotNullViolation) null value in column "name" of relation "repositories" violates not-null constraint
E   DETAIL:  Failing row contains (octocat/Hello-World, null, null, null, https://github.com/octocat/Hello-World, null, null, null, null, t, null, null, null, null, null, null, null, null, null, null, null).
E   
E   [SQL: INSERT INTO repositories (repo_id, project_id, team_id, name, url, default_branch, platform_repo_id, created_at, last_analyzed_at, is_active, is_private, is_archived, repository_size, open_issues_count, license_name, license_key, has_vulnerability_alerts, has_secret_scanning, has_dependabot_alerts, pushed_at, updated_at) VALUES (%(repo_id)s, %(project_id)s, %(team_id)s, %(name)s, %(url)s, %(default_branch)s, %(platform_repo_id)s, %(created_at)s, %(last_analyzed_at)s, %(is_active)s, %(is_private)s, %(is_archived)s, %(repository_size)s, %(open_issues_count)s, %(license_name)s, %(license_key)s, %(has_vulnerability_alerts)s, %(has_secret_scanning)s, %(has_dependabot_alerts)s, %(pushed_at)s, %(updated_at)s)]
E   [parameters: {'repo_id': 'octocat/Hello-World', 'project_id': None, 'team_id': None, 'name': None, 'url': 'https://github.com/octocat/Hello-World', 'default_branch': None, 'platform_repo_id': None, 'created_at': None, 'last_analyzed_at': None, 'is_active': True, 'is_private': None, 'is_archived': None, 'repository_size': None, 'open_issues_count': None, 'license_name': None, 'license_key': None, 'has_vulnerability_alerts': None, 'has_secret_scanning': None, 'has_dependabot_alerts': None, 'pushed_at': None, 'updated_at': None}]
E   (Background on this error at: https://sqlalche.me/e/20/gkpj)</failure></testcase><testcase classname="tests.contract.integration.test_dependency_enrichment_e2e.TestDependencyExtractionE2E" name="test_eol_detection_populated" time="0.003"><failure message="sqlalchemy.exc.IntegrityError: (psycopg2.errors.NotNullViolation) null value in column &quot;name&quot; of relation &quot;repositories&quot; violates not-null constraint&#10;DETAIL:  Failing row contains (octocat/Hello-World, null, null, null, https://github.com/octocat/Hello-World, null, null, null, null, t, null, null, null, null, null, null, null, null, null, null, null).&#10;&#10;[SQL: INSERT INTO repositories (repo_id, project_id, team_id, name, url, default_branch, platform_repo_id, created_at, last_analyzed_at, is_active, is_private, is_archived, repository_size, open_issues_count, license_name, license_key, has_vulnerability_alerts, has_secret_scanning, has_dependabot_alerts, pushed_at, updated_at) VALUES (%(repo_id)s, %(project_id)s, %(team_id)s, %(name)s, %(url)s, %(default_branch)s, %(platform_repo_id)s, %(created_at)s, %(last_analyzed_at)s, %(is_active)s, %(is_private)s, %(is_archived)s, %(repository_size)s, %(open_issues_count)s, %(license_name)s, %(license_key)s, %(has_vulnerability_alerts)s, %(has_secret_scanning)s, %(has_dependabot_alerts)s, %(pushed_at)s, %(updated_at)s)]&#10;[parameters: {'repo_id': 'octocat/Hello-World', 'project_id': None, 'team_id': None, 'name': None, 'url': 'https://github.com/octocat/Hello-World', 'default_branch': None, 'platform_repo_id': None, 'created_at': None, 'last_analyzed_at': None, 'is_active': True, 'is_private': None, 'is_archived': None, 'repository_size': None, 'open_issues_count': None, 'license_name': None, 'license_key': None, 'has_vulnerability_alerts': None, 'has_secret_scanning': None, 'has_dependabot_alerts': None, 'pushed_at': None, 'updated_at': None}]&#10;(Background on this error at: https://sqlalche.me/e/20/gkpj)">/usr/local/lib/python3.12/site-packages/sqlalchemy/engine/base.py:1967: in _exec_single_context
    self.dialect.do_execute(
/usr/local/lib/python3.12/site-packages/sqlalchemy/engine/default.py:952: in do_execute
    cursor.execute(statement, parameters)
E   psycopg2.errors.NotNullViolation: null value in column "name" of relation "repositories" violates not-null constraint
E   DETAIL:  Failing row contains (octocat/Hello-World, null, null, null, https://github.com/octocat/Hello-World, null, null, null, null, t, null, null, null, null, null, null, null, null, null, null, null).

The above exception was the direct cause of the following exception:
D:\code\tyl\azure-devops-analyzer\tests\contract\integration\test_dependency_enrichment_e2e.py:203: in test_eol_detection_populated
    ???
/usr/local/lib/python3.12/site-packages/sqlalchemy/orm/session.py:2030: in commit
    trans.commit(_to_root=True)
&lt;string&gt;:2: in commit
    ???
/usr/local/lib/python3.12/site-packages/sqlalchemy/orm/state_changes.py:137: in _go
    ret_value = fn(self, *arg, **kw)
                ^^^^^^^^^^^^^^^^^^^^
/usr/local/lib/python3.12/site-packages/sqlalchemy/orm/session.py:1311: in commit
    self._prepare_impl()
&lt;string&gt;:2: in _prepare_impl
    ???
/usr/local/lib/python3.12/site-packages/sqlalchemy/orm/state_changes.py:137: in _go
    ret_value = fn(self, *arg, **kw)
                ^^^^^^^^^^^^^^^^^^^^
/usr/local/lib/python3.12/site-packages/sqlalchemy/orm/session.py:1286: in _prepare_impl
    self.session.flush()
/usr/local/lib/python3.12/site-packages/sqlalchemy/orm/session.py:4331: in flush
    self._flush(objects)
/usr/local/lib/python3.12/site-packages/sqlalchemy/orm/session.py:4466: in _flush
    with util.safe_reraise():
         ^^^^^^^^^^^^^^^^^^^
/usr/local/lib/python3.12/site-packages/sqlalchemy/util/langhelpers.py:224: in __exit__
    raise exc_value.with_traceback(exc_tb)
/usr/local/lib/python3.12/site-packages/sqlalchemy/orm/session.py:4427: in _flush
    flush_context.execute()
/usr/local/lib/python3.12/site-packages/sqlalchemy/orm/unitofwork.py:466: in execute
    rec.execute(self)
/usr/local/lib/python3.12/site-packages/sqlalchemy/orm/unitofwork.py:642: in execute
    util.preloaded.orm_persistence.save_obj(
/usr/local/lib/python3.12/site-packages/sqlalchemy/orm/persistence.py:93: in save_obj
    _emit_insert_statements(
/usr/local/lib/python3.12/site-packages/sqlalchemy/orm/persistence.py:1048: in _emit_insert_statements
    result = connection.execute(
/usr/local/lib/python3.12/site-packages/sqlalchemy/engine/base.py:1419: in execute
    return meth(
/usr/local/lib/python3.12/site-packages/sqlalchemy/sql/elements.py:527: in _execute_on_connection
    return connection._execute_clauseelement(
/usr/local/lib/python3.12/site-packages/sqlalchemy/engine/base.py:1641: in _execute_clauseelement
    ret = self._execute_context(
/usr/local/lib/python3.12/site-packages/sqlalchemy/engine/base.py:1846: in _execute_context
    return self._exec_single_context(
/usr/local/lib/python3.12/site-packages/sqlalchemy/engine/base.py:1986: in _exec_single_context
    self._handle_dbapi_exception(
/usr/local/lib/python3.12/site-packages/sqlalchemy/engine/base.py:2363: in _handle_dbapi_exception
    raise sqlalchemy_exception.with_traceback(exc_info[2]) from e
/usr/local/lib/python3.12/site-packages/sqlalchemy/engine/base.py:1967: in _exec_single_context
    self.dialect.do_execute(
/usr/local/lib/python3.12/site-packages/sqlalchemy/engine/default.py:952: in do_execute
    cursor.execute(statement, parameters)
E   sqlalchemy.exc.IntegrityError: (psycopg2.errors.NotNullViolation) null value in column "name" of relation "repositories" violates not-null constraint
E   DETAIL:  Failing row contains (octocat/Hello-World, null, null, null, https://github.com/octocat/Hello-World, null, null, null, null, t, null, null, null, null, null, null, null, null, null, null, null).
E   
E   [SQL: INSERT INTO repositories (repo_id, project_id, team_id, name, url, default_branch, platform_repo_id, created_at, last_analyzed_at, is_active, is_private, is_archived, repository_size, open_issues_count, license_name, license_key, has_vulnerability_alerts, has_secret_scanning, has_dependabot_alerts, pushed_at, updated_at) VALUES (%(repo_id)s, %(project_id)s, %(team_id)s, %(name)s, %(url)s, %(default_branch)s, %(platform_repo_id)s, %(created_at)s, %(last_analyzed_at)s, %(is_active)s, %(is_private)s, %(is_archived)s, %(repository_size)s, %(open_issues_count)s, %(license_name)s, %(license_key)s, %(has_vulnerability_alerts)s, %(has_secret_scanning)s, %(has_dependabot_alerts)s, %(pushed_at)s, %(updated_at)s)]
E   [parameters: {'repo_id': 'octocat/Hello-World', 'project_id': None, 'team_id': None, 'name': None, 'url': 'https://github.com/octocat/Hello-World', 'default_branch': None, 'platform_repo_id': None, 'created_at': None, 'last_analyzed_at': None, 'is_active': True, 'is_private': None, 'is_archived': None, 'repository_size': None, 'open_issues_count': None, 'license_name': None, 'license_key': None, 'has_vulnerability_alerts': None, 'has_secret_scanning': None, 'has_dependabot_alerts': None, 'pushed_at': None, 'updated_at': None}]
E   (Background on this error at: https://sqlalche.me/e/20/gkpj)</failure></testcase><testcase classname="tests.contract.integration.test_dependency_enrichment_e2e.TestVulnerabilityStorageE2E" name="test_vulnerabilities_stored" time="0.002"><failure message="sqlalchemy.exc.IntegrityError: (psycopg2.errors.NotNullViolation) null value in column &quot;name&quot; of relation &quot;repositories&quot; violates not-null constraint&#10;DETAIL:  Failing row contains (octocat/Hello-World, null, null, null, https://github.com/octocat/Hello-World, null, null, null, null, t, null, null, null, null, null, null, null, null, null, null, null).&#10;&#10;[SQL: INSERT INTO repositories (repo_id, project_id, team_id, name, url, default_branch, platform_repo_id, created_at, last_analyzed_at, is_active, is_private, is_archived, repository_size, open_issues_count, license_name, license_key, has_vulnerability_alerts, has_secret_scanning, has_dependabot_alerts, pushed_at, updated_at) VALUES (%(repo_id)s, %(project_id)s, %(team_id)s, %(name)s, %(url)s, %(default_branch)s, %(platform_repo_id)s, %(created_at)s, %(last_analyzed_at)s, %(is_active)s, %(is_private)s, %(is_archived)s, %(repository_size)s, %(open_issues_count)s, %(license_name)s, %(license_key)s, %(has_vulnerability_alerts)s, %(has_secret_scanning)s, %(has_dependabot_alerts)s, %(pushed_at)s, %(updated_at)s)]&#10;[parameters: {'repo_id': 'octocat/Hello-World', 'project_id': None, 'team_id': None, 'name': None, 'url': 'https://github.com/octocat/Hello-World', 'default_branch': None, 'platform_repo_id': None, 'created_at': None, 'last_analyzed_at': None, 'is_active': True, 'is_private': None, 'is_archived': None, 'repository_size': None, 'open_issues_count': None, 'license_name': None, 'license_key': None, 'has_vulnerability_alerts': None, 'has_secret_scanning': None, 'has_dependabot_alerts': None, 'pushed_at': None, 'updated_at': None}]&#10;(Background on this error at: https://sqlalche.me/e/20/gkpj)">/usr/local/lib/python3.12/site-packages/sqlalchemy/engine/base.py:1967: in _exec_single_context
    self.dialect.do_execute(
/usr/local/lib/python3.12/site-packages/sqlalchemy/engine/default.py:952: in do_execute
    cursor.execute(statement, parameters)
E   psycopg2.errors.NotNullViolation: null value in column "name" of relation "repositories" violates not-null constraint
E   DETAIL:  Failing row contains (octocat/Hello-World, null, null, null, https://github.com/octocat/Hello-World, null, null, null, null, t, null, null, null, null, null, null, null, null, null, null, null).

The above exception was the direct cause of the following exception:
D:\code\tyl\azure-devops-analyzer\tests\contract\integration\test_dependency_enrichment_e2e.py:280: in test_vulnerabilities_stored
    ???
/usr/local/lib/python3.12/site-packages/sqlalchemy/orm/session.py:2030: in commit
    trans.commit(_to_root=True)
&lt;string&gt;:2: in commit
    ???
/usr/local/lib/python3.12/site-packages/sqlalchemy/orm/state_changes.py:137: in _go
    ret_value = fn(self, *arg, **kw)
                ^^^^^^^^^^^^^^^^^^^^
/usr/local/lib/python3.12/site-packages/sqlalchemy/orm/session.py:1311: in commit
    self._prepare_impl()
&lt;string&gt;:2: in _prepare_impl
    ???
/usr/local/lib/python3.12/site-packages/sqlalchemy/orm/state_changes.py:137: in _go
    ret_value = fn(self, *arg, **kw)
                ^^^^^^^^^^^^^^^^^^^^
/usr/local/lib/python3.12/site-packages/sqlalchemy/orm/session.py:1286: in _prepare_impl
    self.session.flush()
/usr/local/lib/python3.12/site-packages/sqlalchemy/orm/session.py:4331: in flush
    self._flush(objects)
/usr/local/lib/python3.12/site-packages/sqlalchemy/orm/session.py:4466: in _flush
    with util.safe_reraise():
         ^^^^^^^^^^^^^^^^^^^
/usr/local/lib/python3.12/site-packages/sqlalchemy/util/langhelpers.py:224: in __exit__
    raise exc_value.with_traceback(exc_tb)
/usr/local/lib/python3.12/site-packages/sqlalchemy/orm/session.py:4427: in _flush
    flush_context.execute()
/usr/local/lib/python3.12/site-packages/sqlalchemy/orm/unitofwork.py:466: in execute
    rec.execute(self)
/usr/local/lib/python3.12/site-packages/sqlalchemy/orm/unitofwork.py:642: in execute
    util.preloaded.orm_persistence.save_obj(
/usr/local/lib/python3.12/site-packages/sqlalchemy/orm/persistence.py:93: in save_obj
    _emit_insert_statements(
/usr/local/lib/python3.12/site-packages/sqlalchemy/orm/persistence.py:1048: in _emit_insert_statements
    result = connection.execute(
/usr/local/lib/python3.12/site-packages/sqlalchemy/engine/base.py:1419: in execute
    return meth(
/usr/local/lib/python3.12/site-packages/sqlalchemy/sql/elements.py:527: in _execute_on_connection
    return connection._execute_clauseelement(
/usr/local/lib/python3.12/site-packages/sqlalchemy/engine/base.py:1641: in _execute_clauseelement
    ret = self._execute_context(
/usr/local/lib/python3.12/site-packages/sqlalchemy/engine/base.py:1846: in _execute_context
    return self._exec_single_context(
/usr/local/lib/python3.12/site-packages/sqlalchemy/engine/base.py:1986: in _exec_single_context
    self._handle_dbapi_exception(
/usr/local/lib/python3.12/site-packages/sqlalchemy/engine/base.py:2363: in _handle_dbapi_exception
    raise sqlalchemy_exception.with_traceback(exc_info[2]) from e
/usr/local/lib/python3.12/site-packages/sqlalchemy/engine/base.py:1967: in _exec_single_context
    self.dialect.do_execute(
/usr/local/lib/python3.12/site-packages/sqlalchemy/engine/default.py:952: in do_execute
    cursor.execute(statement, parameters)
E   sqlalchemy.exc.IntegrityError: (psycopg2.errors.NotNullViolation) null value in column "name" of relation "repositories" violates not-null constraint
E   DETAIL:  Failing row contains (octocat/Hello-World, null, null, null, https://github.com/octocat/Hello-World, null, null, null, null, t, null, null, null, null, null, null, null, null, null, null, null).
E   
E   [SQL: INSERT INTO repositories (repo_id, project_id, team_id, name, url, default_branch, platform_repo_id, created_at, last_analyzed_at, is_active, is_private, is_archived, repository_size, open_issues_count, license_name, license_key, has_vulnerability_alerts, has_secret_scanning, has_dependabot_alerts, pushed_at, updated_at) VALUES (%(repo_id)s, %(project_id)s, %(team_id)s, %(name)s, %(url)s, %(default_branch)s, %(platform_repo_id)s, %(created_at)s, %(last_analyzed_at)s, %(is_active)s, %(is_private)s, %(is_archived)s, %(repository_size)s, %(open_issues_count)s, %(license_name)s, %(license_key)s, %(has_vulnerability_alerts)s, %(has_secret_scanning)s, %(has_dependabot_alerts)s, %(pushed_at)s, %(updated_at)s)]
E   [parameters: {'repo_id': 'octocat/Hello-World', 'project_id': None, 'team_id': None, 'name': None, 'url': 'https://github.com/octocat/Hello-World', 'default_branch': None, 'platform_repo_id': None, 'created_at': None, 'last_analyzed_at': None, 'is_active': True, 'is_private': None, 'is_archived': None, 'repository_size': None, 'open_issues_count': None, 'license_name': None, 'license_key': None, 'has_vulnerability_alerts': None, 'has_secret_scanning': None, 'has_dependabot_alerts': None, 'pushed_at': None, 'updated_at': None}]
E   (Background on this error at: https://sqlalche.me/e/20/gkpj)</failure></testcase><testcase classname="tests.contract.integration.test_dependency_enrichment_e2e.TestVulnerabilityStorageE2E" name="test_vulnerabilities_stored" time="0.084"><error message="failed on teardown with &quot;sqlalchemy.exc.InternalError: (psycopg2.errors.DependentObjectsStillExist) cannot drop table teams because other objects depend on it&#10;DETAIL:  constraint contributors_team_id_fkey on table contributors depends on table teams&#10;HINT:  Use DROP ... CASCADE to drop the dependent objects too.&#10;&#10;[SQL: &#10;DROP TABLE teams]&#10;(Background on this error at: https://sqlalche.me/e/20/2j85)&quot;">/usr/local/lib/python3.12/site-packages/sqlalchemy/engine/base.py:1967: in _exec_single_context
    self.dialect.do_execute(
/usr/local/lib/python3.12/site-packages/sqlalchemy/engine/default.py:952: in do_execute
    cursor.execute(statement, parameters)
E   psycopg2.errors.DependentObjectsStillExist: cannot drop table teams because other objects depend on it
E   DETAIL:  constraint contributors_team_id_fkey on table contributors depends on table teams
E   HINT:  Use DROP ... CASCADE to drop the dependent objects too.

The above exception was the direct cause of the following exception:
D:\code\tyl\azure-devops-analyzer\tests\contract\integration\conftest.py:110: in integration_test_engine
    ???
/usr/local/lib/python3.12/site-packages/sqlalchemy/sql/schema.py:5956: in drop_all
    bind._run_ddl_visitor(
/usr/local/lib/python3.12/site-packages/sqlalchemy/engine/base.py:3260: in _run_ddl_visitor
    conn._run_ddl_visitor(visitorcallable, element, **kwargs)
/usr/local/lib/python3.12/site-packages/sqlalchemy/engine/base.py:2467: in _run_ddl_visitor
    ).traverse_single(element)
      ^^^^^^^^^^^^^^^^^^^^^^^^
/usr/local/lib/python3.12/site-packages/sqlalchemy/sql/visitors.py:661: in traverse_single
    return meth(obj, **kw)
           ^^^^^^^^^^^^^^^
/usr/local/lib/python3.12/site-packages/sqlalchemy/sql/ddl.py:1142: in visit_metadata
    self.traverse_single(
/usr/local/lib/python3.12/site-packages/sqlalchemy/sql/visitors.py:661: in traverse_single
    return meth(obj, **kw)
           ^^^^^^^^^^^^^^^
/usr/local/lib/python3.12/site-packages/sqlalchemy/sql/ddl.py:1209: in visit_table
    DropTable(table)._invoke_with(self.connection)
/usr/local/lib/python3.12/site-packages/sqlalchemy/sql/ddl.py:321: in _invoke_with
    return bind.execute(self)
           ^^^^^^^^^^^^^^^^^^
/usr/local/lib/python3.12/site-packages/sqlalchemy/engine/base.py:1419: in execute
    return meth(
/usr/local/lib/python3.12/site-packages/sqlalchemy/sql/ddl.py:187: in _execute_on_connection
    return connection._execute_ddl(
/usr/local/lib/python3.12/site-packages/sqlalchemy/engine/base.py:1530: in _execute_ddl
    ret = self._execute_context(
/usr/local/lib/python3.12/site-packages/sqlalchemy/engine/base.py:1846: in _execute_context
    return self._exec_single_context(
/usr/local/lib/python3.12/site-packages/sqlalchemy/engine/base.py:1986: in _exec_single_context
    self._handle_dbapi_exception(
/usr/local/lib/python3.12/site-packages/sqlalchemy/engine/base.py:2363: in _handle_dbapi_exception
    raise sqlalchemy_exception.with_traceback(exc_info[2]) from e
/usr/local/lib/python3.12/site-packages/sqlalchemy/engine/base.py:1967: in _exec_single_context
    self.dialect.do_execute(
/usr/local/lib/python3.12/site-packages/sqlalchemy/engine/default.py:952: in do_execute
    cursor.execute(statement, parameters)
E   sqlalchemy.exc.InternalError: (psycopg2.errors.DependentObjectsStillExist) cannot drop table teams because other objects depend on it
E   DETAIL:  constraint contributors_team_id_fkey on table contributors depends on table teams
E   HINT:  Use DROP ... CASCADE to drop the dependent objects too.
E   
E   [SQL: 
E   DROP TABLE teams]
E   (Background on this error at: https://sqlalche.me/e/20/2j85)</error></testcase></testsuite></testsuites>